<?xml version="1.0" encoding="UTF-8"?>
<!-- Generated by org.testng.reporters.JUnitXMLReporter -->
<testsuite ignored="0" hostname="DESKTOP-F4T9PVL" failures="0" tests="18" name="Default test" time="229.692" errors="0" timestamp="2022-03-06T18:01:44 EST">
  <testcase classname="homepage.HomePageTesting" name="threeSlider" time="3.997"/>
  <testcase classname="homepage.HomePageTesting" name="threeArrival" time="3.655"/>
  <testcase classname="homepage.HomePageTesting" name="arrivalImageNavigate" time="4.952"/>
  <testcase classname="homepage.HomePageTesting" name="arrivalImageDescription" time="5.318"/>
  <testcase classname="homepage.HomePageTesting" name="arrivalImageReview" time="5.318"/>
  <testcase classname="homepage.HomePageTesting" name="addToBasket" time="6.4"/>
  <testcase classname="homepage.HomePageTesting" name="addToBasketMoreBook" time="6.8"/>
  <testcase classname="homepage.HomePageTesting" name="addToBasketItem" time="7.586"/>
  <testcase classname="homepage.HomePageTesting" name="addToBasketItemCoupon" time="8.171"/>
  <testcase classname="homepage.HomePageTesting" name="addToBasketItemCouponValue" time="8.059"/>
  <testcase classname="homepage.HomePageTesting" name="addToBasketItemRemoveBook" time="8.787"/>
  <testcase classname="homepage.HomePageTesting" name="addToBasketItemAddBook" time="7.886"/>
  <testcase classname="homepage.HomePageTesting" name="checkoutBookFinalPrice" time="8.362"/>
  <testcase classname="homepage.HomePageTesting" name="checkoutUpateBasket" time="8.112"/>
  <testcase classname="homepage.HomePageTesting" name="subTotalCondition" time="8.053"/>
  <testcase classname="homepage.HomePageTesting" name="checkoutFunctionality" time="10.21"/>
  <testcase classname="homepage.HomePageTesting" name="checkoutPaymentGateway" time="17.054"/>
  <testcase classname="homepage.HomePageTesting" name="placeOrder" time="19.761"/>
</testsuite> <!-- Default test -->
