<?xml version="1.0" encoding="UTF-8"?>
<!-- Generated by org.testng.reporters.JUnitXMLReporter -->
<testsuite ignored="4" hostname="DESKTOP-F4T9PVL" failures="0" tests="1" name="Default test" time="10.556" errors="0" timestamp="2022-03-06T20:51:17 EST">
  <testcase classname="myaccountregistration.MyAccountRegistration" name="signIn" time="4.127"/>
  <testcase classname="myaccountregistration.MyAccountRegistration" name="emptyEmail" time="0.0">
    <ignored/>
  </testcase> <!-- emptyEmail -->
  <testcase classname="myaccountregistration.MyAccountRegistration" name="emptyEmailPassword" time="0.0">
    <ignored/>
  </testcase> <!-- emptyEmailPassword -->
  <testcase classname="myaccountregistration.MyAccountRegistration" name="emptyPassword" time="0.0">
    <ignored/>
  </testcase> <!-- emptyPassword -->
  <testcase classname="myaccountregistration.MyAccountRegistration" name="invalidEmail" time="0.0">
    <ignored/>
  </testcase> <!-- invalidEmail -->
</testsuite> <!-- Default test -->
