<?xml version="1.0" encoding="UTF-8"?>
<testng-results ignored="0" total="18" passed="18" failed="0" skipped="0">
  <reporter-output>
  </reporter-output>
  <suite started-at="2022-03-06T17:57:54 EST" name="Default suite" finished-at="2022-03-06T18:01:44 EST" duration-ms="229692">
    <groups>
    </groups>
    <test started-at="2022-03-06T17:57:54 EST" name="Default test" finished-at="2022-03-06T18:01:44 EST" duration-ms="229692">
      <class name="homepage.HomePageTesting">
        <test-method is-config="true" signature="beforeTest()[pri:0, instance:homepage.HomePageTesting@16610890]" started-at="2022-03-06T17:57:54 EST" name="beforeTest" finished-at="2022-03-06T17:58:00 EST" duration-ms="5606" status="PASS">
          <reporter-output>
          </reporter-output>
        </test-method> <!-- beforeTest -->
        <test-method signature="threeSlider()[pri:1, instance:homepage.HomePageTesting@16610890]" started-at="2022-03-06T17:58:00 EST" name="threeSlider" finished-at="2022-03-06T17:58:04 EST" duration-ms="3997" status="PASS">
          <reporter-output>
          </reporter-output>
        </test-method> <!-- threeSlider -->
        <test-method is-config="true" signature="afterTest()[pri:0, instance:homepage.HomePageTesting@16610890]" started-at="2022-03-06T17:58:04 EST" name="afterTest" finished-at="2022-03-06T17:58:04 EST" duration-ms="85" status="PASS">
          <reporter-output>
          </reporter-output>
        </test-method> <!-- afterTest -->
        <test-method is-config="true" signature="beforeTest()[pri:0, instance:homepage.HomePageTesting@16610890]" started-at="2022-03-06T17:58:04 EST" name="beforeTest" finished-at="2022-03-06T17:58:09 EST" duration-ms="4469" status="PASS">
          <reporter-output>
          </reporter-output>
        </test-method> <!-- beforeTest -->
        <test-method signature="threeArrival()[pri:2, instance:homepage.HomePageTesting@16610890]" started-at="2022-03-06T17:58:09 EST" name="threeArrival" finished-at="2022-03-06T17:58:12 EST" duration-ms="3655" status="PASS">
          <reporter-output>
          </reporter-output>
        </test-method> <!-- threeArrival -->
        <test-method is-config="true" signature="afterTest()[pri:0, instance:homepage.HomePageTesting@16610890]" started-at="2022-03-06T17:58:12 EST" name="afterTest" finished-at="2022-03-06T17:58:12 EST" duration-ms="175" status="PASS">
          <reporter-output>
          </reporter-output>
        </test-method> <!-- afterTest -->
        <test-method is-config="true" signature="beforeTest()[pri:0, instance:homepage.HomePageTesting@16610890]" started-at="2022-03-06T17:58:12 EST" name="beforeTest" finished-at="2022-03-06T17:58:16 EST" duration-ms="3888" status="PASS">
          <reporter-output>
          </reporter-output>
        </test-method> <!-- beforeTest -->
        <test-method signature="arrivalImageNavigate()[pri:3, instance:homepage.HomePageTesting@16610890]" started-at="2022-03-06T17:58:16 EST" name="arrivalImageNavigate" finished-at="2022-03-06T17:58:21 EST" duration-ms="4952" status="PASS">
          <reporter-output>
          </reporter-output>
        </test-method> <!-- arrivalImageNavigate -->
        <test-method is-config="true" signature="afterTest()[pri:0, instance:homepage.HomePageTesting@16610890]" started-at="2022-03-06T17:58:21 EST" name="afterTest" finished-at="2022-03-06T17:58:21 EST" duration-ms="70" status="PASS">
          <reporter-output>
          </reporter-output>
        </test-method> <!-- afterTest -->
        <test-method is-config="true" signature="beforeTest()[pri:0, instance:homepage.HomePageTesting@16610890]" started-at="2022-03-06T17:58:21 EST" name="beforeTest" finished-at="2022-03-06T17:58:25 EST" duration-ms="4146" status="PASS">
          <reporter-output>
          </reporter-output>
        </test-method> <!-- beforeTest -->
        <test-method signature="arrivalImageDescription()[pri:4, instance:homepage.HomePageTesting@16610890]" started-at="2022-03-06T17:58:25 EST" name="arrivalImageDescription" finished-at="2022-03-06T17:58:31 EST" duration-ms="5318" status="PASS">
          <reporter-output>
          </reporter-output>
        </test-method> <!-- arrivalImageDescription -->
        <test-method is-config="true" signature="afterTest()[pri:0, instance:homepage.HomePageTesting@16610890]" started-at="2022-03-06T17:58:31 EST" name="afterTest" finished-at="2022-03-06T17:58:31 EST" duration-ms="70" status="PASS">
          <reporter-output>
          </reporter-output>
        </test-method> <!-- afterTest -->
        <test-method is-config="true" signature="beforeTest()[pri:0, instance:homepage.HomePageTesting@16610890]" started-at="2022-03-06T17:58:31 EST" name="beforeTest" finished-at="2022-03-06T17:58:35 EST" duration-ms="3780" status="PASS">
          <reporter-output>
          </reporter-output>
        </test-method> <!-- beforeTest -->
        <test-method signature="arrivalImageReview()[pri:5, instance:homepage.HomePageTesting@16610890]" started-at="2022-03-06T17:58:35 EST" name="arrivalImageReview" finished-at="2022-03-06T17:58:40 EST" duration-ms="5318" status="PASS">
          <reporter-output>
          </reporter-output>
        </test-method> <!-- arrivalImageReview -->
        <test-method is-config="true" signature="afterTest()[pri:0, instance:homepage.HomePageTesting@16610890]" started-at="2022-03-06T17:58:40 EST" name="afterTest" finished-at="2022-03-06T17:58:40 EST" duration-ms="132" status="PASS">
          <reporter-output>
          </reporter-output>
        </test-method> <!-- afterTest -->
        <test-method is-config="true" signature="beforeTest()[pri:0, instance:homepage.HomePageTesting@16610890]" started-at="2022-03-06T17:58:40 EST" name="beforeTest" finished-at="2022-03-06T17:58:44 EST" duration-ms="4248" status="PASS">
          <reporter-output>
          </reporter-output>
        </test-method> <!-- beforeTest -->
        <test-method signature="addToBasket()[pri:6, instance:homepage.HomePageTesting@16610890]" started-at="2022-03-06T17:58:44 EST" name="addToBasket" finished-at="2022-03-06T17:58:51 EST" duration-ms="6400" status="PASS">
          <reporter-output>
          </reporter-output>
        </test-method> <!-- addToBasket -->
        <test-method is-config="true" signature="afterTest()[pri:0, instance:homepage.HomePageTesting@16610890]" started-at="2022-03-06T17:58:51 EST" name="afterTest" finished-at="2022-03-06T17:58:51 EST" duration-ms="73" status="PASS">
          <reporter-output>
          </reporter-output>
        </test-method> <!-- afterTest -->
        <test-method is-config="true" signature="beforeTest()[pri:0, instance:homepage.HomePageTesting@16610890]" started-at="2022-03-06T17:58:51 EST" name="beforeTest" finished-at="2022-03-06T17:58:55 EST" duration-ms="4056" status="PASS">
          <reporter-output>
          </reporter-output>
        </test-method> <!-- beforeTest -->
        <test-method signature="addToBasketMoreBook()[pri:7, instance:homepage.HomePageTesting@16610890]" started-at="2022-03-06T17:58:55 EST" name="addToBasketMoreBook" finished-at="2022-03-06T17:59:02 EST" duration-ms="6800" status="PASS">
          <reporter-output>
          </reporter-output>
        </test-method> <!-- addToBasketMoreBook -->
        <test-method is-config="true" signature="afterTest()[pri:0, instance:homepage.HomePageTesting@16610890]" started-at="2022-03-06T17:59:02 EST" name="afterTest" finished-at="2022-03-06T17:59:02 EST" duration-ms="71" status="PASS">
          <reporter-output>
          </reporter-output>
        </test-method> <!-- afterTest -->
        <test-method is-config="true" signature="beforeTest()[pri:0, instance:homepage.HomePageTesting@16610890]" started-at="2022-03-06T17:59:02 EST" name="beforeTest" finished-at="2022-03-06T17:59:06 EST" duration-ms="4328" status="PASS">
          <reporter-output>
          </reporter-output>
        </test-method> <!-- beforeTest -->
        <test-method signature="addToBasketItem()[pri:8, instance:homepage.HomePageTesting@16610890]" started-at="2022-03-06T17:59:06 EST" name="addToBasketItem" finished-at="2022-03-06T17:59:14 EST" duration-ms="7586" status="PASS">
          <reporter-output>
          </reporter-output>
        </test-method> <!-- addToBasketItem -->
        <test-method is-config="true" signature="afterTest()[pri:0, instance:homepage.HomePageTesting@16610890]" started-at="2022-03-06T17:59:14 EST" name="afterTest" finished-at="2022-03-06T17:59:14 EST" duration-ms="139" status="PASS">
          <reporter-output>
          </reporter-output>
        </test-method> <!-- afterTest -->
        <test-method is-config="true" signature="beforeTest()[pri:0, instance:homepage.HomePageTesting@16610890]" started-at="2022-03-06T17:59:14 EST" name="beforeTest" finished-at="2022-03-06T17:59:18 EST" duration-ms="4211" status="PASS">
          <reporter-output>
          </reporter-output>
        </test-method> <!-- beforeTest -->
        <test-method signature="addToBasketItemCoupon()[pri:9, instance:homepage.HomePageTesting@16610890]" started-at="2022-03-06T17:59:18 EST" name="addToBasketItemCoupon" finished-at="2022-03-06T17:59:26 EST" duration-ms="8171" status="PASS">
          <reporter-output>
          </reporter-output>
        </test-method> <!-- addToBasketItemCoupon -->
        <test-method is-config="true" signature="afterTest()[pri:0, instance:homepage.HomePageTesting@16610890]" started-at="2022-03-06T17:59:26 EST" name="afterTest" finished-at="2022-03-06T17:59:26 EST" duration-ms="89" status="PASS">
          <reporter-output>
          </reporter-output>
        </test-method> <!-- afterTest -->
        <test-method is-config="true" signature="beforeTest()[pri:0, instance:homepage.HomePageTesting@16610890]" started-at="2022-03-06T17:59:26 EST" name="beforeTest" finished-at="2022-03-06T17:59:30 EST" duration-ms="4137" status="PASS">
          <reporter-output>
          </reporter-output>
        </test-method> <!-- beforeTest -->
        <test-method signature="addToBasketItemCouponValue()[pri:10, instance:homepage.HomePageTesting@16610890]" started-at="2022-03-06T17:59:30 EST" name="addToBasketItemCouponValue" finished-at="2022-03-06T17:59:38 EST" duration-ms="8059" status="PASS">
          <reporter-output>
          </reporter-output>
        </test-method> <!-- addToBasketItemCouponValue -->
        <test-method is-config="true" signature="afterTest()[pri:0, instance:homepage.HomePageTesting@16610890]" started-at="2022-03-06T17:59:38 EST" name="afterTest" finished-at="2022-03-06T17:59:39 EST" duration-ms="74" status="PASS">
          <reporter-output>
          </reporter-output>
        </test-method> <!-- afterTest -->
        <test-method is-config="true" signature="beforeTest()[pri:0, instance:homepage.HomePageTesting@16610890]" started-at="2022-03-06T17:59:39 EST" name="beforeTest" finished-at="2022-03-06T17:59:43 EST" duration-ms="4097" status="PASS">
          <reporter-output>
          </reporter-output>
        </test-method> <!-- beforeTest -->
        <test-method signature="addToBasketItemRemoveBook()[pri:11, instance:homepage.HomePageTesting@16610890]" started-at="2022-03-06T17:59:43 EST" name="addToBasketItemRemoveBook" finished-at="2022-03-06T17:59:51 EST" duration-ms="8787" status="PASS">
          <reporter-output>
          </reporter-output>
        </test-method> <!-- addToBasketItemRemoveBook -->
        <test-method is-config="true" signature="afterTest()[pri:0, instance:homepage.HomePageTesting@16610890]" started-at="2022-03-06T17:59:51 EST" name="afterTest" finished-at="2022-03-06T17:59:52 EST" duration-ms="71" status="PASS">
          <reporter-output>
          </reporter-output>
        </test-method> <!-- afterTest -->
        <test-method is-config="true" signature="beforeTest()[pri:0, instance:homepage.HomePageTesting@16610890]" started-at="2022-03-06T17:59:52 EST" name="beforeTest" finished-at="2022-03-06T17:59:55 EST" duration-ms="3900" status="PASS">
          <reporter-output>
          </reporter-output>
        </test-method> <!-- beforeTest -->
        <test-method signature="addToBasketItemAddBook()[pri:12, instance:homepage.HomePageTesting@16610890]" started-at="2022-03-06T17:59:55 EST" name="addToBasketItemAddBook" finished-at="2022-03-06T18:00:03 EST" duration-ms="7886" status="PASS">
          <reporter-output>
          </reporter-output>
        </test-method> <!-- addToBasketItemAddBook -->
        <test-method is-config="true" signature="afterTest()[pri:0, instance:homepage.HomePageTesting@16610890]" started-at="2022-03-06T18:00:03 EST" name="afterTest" finished-at="2022-03-06T18:00:03 EST" duration-ms="67" status="PASS">
          <reporter-output>
          </reporter-output>
        </test-method> <!-- afterTest -->
        <test-method is-config="true" signature="beforeTest()[pri:0, instance:homepage.HomePageTesting@16610890]" started-at="2022-03-06T18:00:03 EST" name="beforeTest" finished-at="2022-03-06T18:00:08 EST" duration-ms="4280" status="PASS">
          <reporter-output>
          </reporter-output>
        </test-method> <!-- beforeTest -->
        <test-method signature="checkoutBookFinalPrice()[pri:13, instance:homepage.HomePageTesting@16610890]" started-at="2022-03-06T18:00:08 EST" name="checkoutBookFinalPrice" finished-at="2022-03-06T18:00:16 EST" duration-ms="8362" status="PASS">
          <reporter-output>
          </reporter-output>
        </test-method> <!-- checkoutBookFinalPrice -->
        <test-method is-config="true" signature="afterTest()[pri:0, instance:homepage.HomePageTesting@16610890]" started-at="2022-03-06T18:00:16 EST" name="afterTest" finished-at="2022-03-06T18:00:16 EST" duration-ms="89" status="PASS">
          <reporter-output>
          </reporter-output>
        </test-method> <!-- afterTest -->
        <test-method is-config="true" signature="beforeTest()[pri:0, instance:homepage.HomePageTesting@16610890]" started-at="2022-03-06T18:00:16 EST" name="beforeTest" finished-at="2022-03-06T18:00:20 EST" duration-ms="4369" status="PASS">
          <reporter-output>
          </reporter-output>
        </test-method> <!-- beforeTest -->
        <test-method signature="checkoutUpateBasket()[pri:14, instance:homepage.HomePageTesting@16610890]" started-at="2022-03-06T18:00:20 EST" name="checkoutUpateBasket" finished-at="2022-03-06T18:00:29 EST" duration-ms="8112" status="PASS">
          <reporter-output>
          </reporter-output>
        </test-method> <!-- checkoutUpateBasket -->
        <test-method is-config="true" signature="afterTest()[pri:0, instance:homepage.HomePageTesting@16610890]" started-at="2022-03-06T18:00:29 EST" name="afterTest" finished-at="2022-03-06T18:00:33 EST" duration-ms="4162" status="PASS">
          <reporter-output>
          </reporter-output>
        </test-method> <!-- afterTest -->
        <test-method is-config="true" signature="beforeTest()[pri:0, instance:homepage.HomePageTesting@16610890]" started-at="2022-03-06T18:00:33 EST" name="beforeTest" finished-at="2022-03-06T18:00:37 EST" duration-ms="3838" status="PASS">
          <reporter-output>
          </reporter-output>
        </test-method> <!-- beforeTest -->
        <test-method signature="subTotalCondition()[pri:15, instance:homepage.HomePageTesting@16610890]" started-at="2022-03-06T18:00:37 EST" name="subTotalCondition" finished-at="2022-03-06T18:00:45 EST" duration-ms="8053" status="PASS">
          <reporter-output>
          </reporter-output>
        </test-method> <!-- subTotalCondition -->
        <test-method is-config="true" signature="afterTest()[pri:0, instance:homepage.HomePageTesting@16610890]" started-at="2022-03-06T18:00:45 EST" name="afterTest" finished-at="2022-03-06T18:00:45 EST" duration-ms="67" status="PASS">
          <reporter-output>
          </reporter-output>
        </test-method> <!-- afterTest -->
        <test-method is-config="true" signature="beforeTest()[pri:0, instance:homepage.HomePageTesting@16610890]" started-at="2022-03-06T18:00:45 EST" name="beforeTest" finished-at="2022-03-06T18:00:49 EST" duration-ms="4450" status="PASS">
          <reporter-output>
          </reporter-output>
        </test-method> <!-- beforeTest -->
        <test-method signature="checkoutFunctionality()[pri:16, instance:homepage.HomePageTesting@16610890]" started-at="2022-03-06T18:00:49 EST" name="checkoutFunctionality" finished-at="2022-03-06T18:00:59 EST" duration-ms="10210" status="PASS">
          <reporter-output>
          </reporter-output>
        </test-method> <!-- checkoutFunctionality -->
        <test-method is-config="true" signature="afterTest()[pri:0, instance:homepage.HomePageTesting@16610890]" started-at="2022-03-06T18:00:59 EST" name="afterTest" finished-at="2022-03-06T18:00:59 EST" duration-ms="75" status="PASS">
          <reporter-output>
          </reporter-output>
        </test-method> <!-- afterTest -->
        <test-method is-config="true" signature="beforeTest()[pri:0, instance:homepage.HomePageTesting@16610890]" started-at="2022-03-06T18:00:59 EST" name="beforeTest" finished-at="2022-03-06T18:01:03 EST" duration-ms="3895" status="PASS">
          <reporter-output>
          </reporter-output>
        </test-method> <!-- beforeTest -->
        <test-method signature="checkoutPaymentGateway()[pri:17, instance:homepage.HomePageTesting@16610890]" started-at="2022-03-06T18:01:03 EST" name="checkoutPaymentGateway" finished-at="2022-03-06T18:01:20 EST" duration-ms="17054" status="PASS">
          <reporter-output>
          </reporter-output>
        </test-method> <!-- checkoutPaymentGateway -->
        <test-method is-config="true" signature="afterTest()[pri:0, instance:homepage.HomePageTesting@16610890]" started-at="2022-03-06T18:01:20 EST" name="afterTest" finished-at="2022-03-06T18:01:21 EST" duration-ms="131" status="PASS">
          <reporter-output>
          </reporter-output>
        </test-method> <!-- afterTest -->
        <test-method is-config="true" signature="beforeTest()[pri:0, instance:homepage.HomePageTesting@16610890]" started-at="2022-03-06T18:01:21 EST" name="beforeTest" finished-at="2022-03-06T18:01:24 EST" duration-ms="3664" status="PASS">
          <reporter-output>
          </reporter-output>
        </test-method> <!-- beforeTest -->
        <test-method signature="placeOrder()[pri:18, instance:homepage.HomePageTesting@16610890]" started-at="2022-03-06T18:01:24 EST" name="placeOrder" finished-at="2022-03-06T18:01:44 EST" duration-ms="19761" status="PASS">
          <reporter-output>
          </reporter-output>
        </test-method> <!-- placeOrder -->
        <test-method is-config="true" signature="afterTest()[pri:0, instance:homepage.HomePageTesting@16610890]" started-at="2022-03-06T18:01:44 EST" name="afterTest" finished-at="2022-03-06T18:01:44 EST" duration-ms="136" status="PASS">
          <reporter-output>
          </reporter-output>
        </test-method> <!-- afterTest -->
      </class> <!-- homepage.HomePageTesting -->
    </test> <!-- Default test -->
  </suite> <!-- Default suite -->
</testng-results>
