<?xml version="1.0" encoding="UTF-8"?>
<testng-results ignored="2" total="3" passed="1" failed="0" skipped="0">
  <reporter-output>
  </reporter-output>
  <suite started-at="2022-03-05T00:12:56 EST" name="Default suite" finished-at="2022-03-05T00:13:05 EST" duration-ms="9069">
    <groups>
    </groups>
    <test started-at="2022-03-05T00:12:56 EST" name="Default test" finished-at="2022-03-05T00:13:05 EST" duration-ms="9069">
      <class name="shop.Shop">
        <test-method is-config="true" signature="beforeTest()[pri:0, instance:shop.Shop@e7edb54]" started-at="2022-03-05T00:12:56 EST" name="beforeTest" finished-at="2022-03-05T00:13:01 EST" duration-ms="4831" status="PASS">
          <reporter-output>
          </reporter-output>
        </test-method> <!-- beforeTest -->
        <test-method signature="shopDefaultSorting()[pri:0, instance:shop.Shop@e7edb54]" started-at="2022-03-05T00:13:01 EST" name="shopDefaultSorting" finished-at="2022-03-05T00:13:05 EST" duration-ms="4201" status="PASS">
          <reporter-output>
          </reporter-output>
        </test-method> <!-- shopDefaultSorting -->
      </class> <!-- shop.Shop -->
    </test> <!-- Default test -->
  </suite> <!-- Default suite -->
</testng-results>
